<?xml version="1.0" encoding="UTF-8"?>
<testng-results ignored="0" total="1" passed="1" failed="0" skipped="0">
  <reporter-output>
  </reporter-output>
  <suite started-at="2020-03-29T19:16:22 IST" name="Default suite" finished-at="2020-03-29T19:16:48 IST" duration-ms="25482">
    <groups>
    </groups>
    <test started-at="2020-03-29T19:16:22 IST" name="Default test" finished-at="2020-03-29T19:16:48 IST" duration-ms="25482">
      <class name="com.practice.nemsac.BaseClass">
        <test-method is-config="true" signature="beforeTest()[pri:0, instance:com.practice.nemsac.BaseClass@fa36558]" started-at="2020-03-29T19:16:22 IST" name="beforeTest" finished-at="2020-03-29T19:16:27 IST" duration-ms="4959" status="PASS">
          <reporter-output>
          </reporter-output>
        </test-method> <!-- beforeTest -->
        <test-method signature="f()[pri:0, instance:com.practice.nemsac.BaseClass@fa36558]" started-at="2020-03-29T19:16:27 IST" name="f" finished-at="2020-03-29T19:16:48 IST" duration-ms="20447" status="PASS">
          <reporter-output>
          </reporter-output>
        </test-method> <!-- f -->
        <test-method is-config="true" signature="afterTest()[pri:0, instance:com.practice.nemsac.BaseClass@fa36558]" started-at="2020-03-29T19:16:48 IST" name="afterTest" finished-at="2020-03-29T19:16:48 IST" duration-ms="0" status="PASS">
          <reporter-output>
          </reporter-output>
        </test-method> <!-- afterTest -->
      </class> <!-- com.practice.nemsac.BaseClass -->
    </test> <!-- Default test -->
  </suite> <!-- Default suite -->
</testng-results>
